C:\USERS\OOSTLAN\DESKTOP\CHAI3D-2.0.0\LIB\MSVC9\CHAI3D-RELEASE.LIB
C:\USERS\OOSTLAN\DESKTOP\CHAI3D-2.0.0\PROJECTS\MSVC9\RELEASE\CBITMAP.OBJ
C:\USERS\OOSTLAN\DESKTOP\CHAI3D-2.0.0\PROJECTS\MSVC9\RELEASE\CCALLBACK.OBJ
C:\USERS\OOSTLAN\DESKTOP\CHAI3D-2.0.0\PROJECTS\MSVC9\RELEASE\CCAMERA.OBJ
C:\USERS\OOSTLAN\DESKTOP\CHAI3D-2.0.0\PROJECTS\MSVC9\RELEASE\CCOLLISIONAABB.OBJ
C:\USERS\OOSTLAN\DESKTOP\CHAI3D-2.0.0\PROJECTS\MSVC9\RELEASE\CCOLLISIONAABBBOX.OBJ
C:\USERS\OOSTLAN\DESKTOP\CHAI3D-2.0.0\PROJECTS\MSVC9\RELEASE\CCOLLISIONAABBTREE.OBJ
C:\USERS\OOSTLAN\DESKTOP\CHAI3D-2.0.0\PROJECTS\MSVC9\RELEASE\CCOLLISIONBASICS.OBJ
C:\USERS\OOSTLAN\DESKTOP\CHAI3D-2.0.0\PROJECTS\MSVC9\RELEASE\CCOLLISIONBRUTE.OBJ
C:\USERS\OOSTLAN\DESKTOP\CHAI3D-2.0.0\PROJECTS\MSVC9\RELEASE\CCOLLISIONSPHERES.OBJ
C:\USERS\OOSTLAN\DESKTOP\CHAI3D-2.0.0\PROJECTS\MSVC9\RELEASE\CCOLLISIONSPHERESGEOMETRY.OBJ
C:\USERS\OOSTLAN\DESKTOP\CHAI3D-2.0.0\PROJECTS\MSVC9\RELEASE\CCOLOR.OBJ
C:\USERS\OOSTLAN\DESKTOP\CHAI3D-2.0.0\PROJECTS\MSVC9\RELEASE\CDELTADEVICES.OBJ
C:\USERS\OOSTLAN\DESKTOP\CHAI3D-2.0.0\PROJECTS\MSVC9\RELEASE\CDRAW3D.OBJ
C:\USERS\OOSTLAN\DESKTOP\CHAI3D-2.0.0\PROJECTS\MSVC9\RELEASE\CDRIVERSENSORAY626.OBJ
C:\USERS\OOSTLAN\DESKTOP\CHAI3D-2.0.0\PROJECTS\MSVC9\RELEASE\CDRIVERSERVOTOGO.OBJ
C:\USERS\OOSTLAN\DESKTOP\CHAI3D-2.0.0\PROJECTS\MSVC9\RELEASE\CEFFECTMAGNET.OBJ
C:\USERS\OOSTLAN\DESKTOP\CHAI3D-2.0.0\PROJECTS\MSVC9\RELEASE\CEFFECTSTICKSLIP.OBJ
C:\USERS\OOSTLAN\DESKTOP\CHAI3D-2.0.0\PROJECTS\MSVC9\RELEASE\CEFFECTSURFACE.OBJ
C:\USERS\OOSTLAN\DESKTOP\CHAI3D-2.0.0\PROJECTS\MSVC9\RELEASE\CEFFECTVIBRATION.OBJ
C:\USERS\OOSTLAN\DESKTOP\CHAI3D-2.0.0\PROJECTS\MSVC9\RELEASE\CEFFECTVISCOSITY.OBJ
C:\USERS\OOSTLAN\DESKTOP\CHAI3D-2.0.0\PROJECTS\MSVC9\RELEASE\CEXTRAS.OBJ
C:\USERS\OOSTLAN\DESKTOP\CHAI3D-2.0.0\PROJECTS\MSVC9\RELEASE\CFALCONDEVICE.OBJ
C:\USERS\OOSTLAN\DESKTOP\CHAI3D-2.0.0\PROJECTS\MSVC9\RELEASE\CFILELOADER3DS.OBJ
C:\USERS\OOSTLAN\DESKTOP\CHAI3D-2.0.0\PROJECTS\MSVC9\RELEASE\CFILELOADERBMP.OBJ
C:\USERS\OOSTLAN\DESKTOP\CHAI3D-2.0.0\PROJECTS\MSVC9\RELEASE\CFILELOADEROBJ.OBJ
C:\USERS\OOSTLAN\DESKTOP\CHAI3D-2.0.0\PROJECTS\MSVC9\RELEASE\CFILELOADERTGA.OBJ
C:\USERS\OOSTLAN\DESKTOP\CHAI3D-2.0.0\PROJECTS\MSVC9\RELEASE\CFONT.OBJ
C:\USERS\OOSTLAN\DESKTOP\CHAI3D-2.0.0\PROJECTS\MSVC9\RELEASE\CFREEDOM6SDEVICE.OBJ
C:\USERS\OOSTLAN\DESKTOP\CHAI3D-2.0.0\PROJECTS\MSVC9\RELEASE\CGELLINEARSPRING.OBJ
C:\USERS\OOSTLAN\DESKTOP\CHAI3D-2.0.0\PROJECTS\MSVC9\RELEASE\CGELMASSPARTICLE.OBJ
C:\USERS\OOSTLAN\DESKTOP\CHAI3D-2.0.0\PROJECTS\MSVC9\RELEASE\CGELMESH.OBJ
C:\USERS\OOSTLAN\DESKTOP\CHAI3D-2.0.0\PROJECTS\MSVC9\RELEASE\CGELSKELETONLINK.OBJ
C:\USERS\OOSTLAN\DESKTOP\CHAI3D-2.0.0\PROJECTS\MSVC9\RELEASE\CGELSKELETONNODE.OBJ
C:\USERS\OOSTLAN\DESKTOP\CHAI3D-2.0.0\PROJECTS\MSVC9\RELEASE\CGELVERTEX.OBJ
C:\USERS\OOSTLAN\DESKTOP\CHAI3D-2.0.0\PROJECTS\MSVC9\RELEASE\CGELWORLD.OBJ
C:\USERS\OOSTLAN\DESKTOP\CHAI3D-2.0.0\PROJECTS\MSVC9\RELEASE\CGENERIC3DOFPOINTER.OBJ
C:\USERS\OOSTLAN\DESKTOP\CHAI3D-2.0.0\PROJECTS\MSVC9\RELEASE\CGENERICCOLLISION.OBJ
C:\USERS\OOSTLAN\DESKTOP\CHAI3D-2.0.0\PROJECTS\MSVC9\RELEASE\CGENERICDEVICE.OBJ
C:\USERS\OOSTLAN\DESKTOP\CHAI3D-2.0.0\PROJECTS\MSVC9\RELEASE\CGENERICEFFECT.OBJ
C:\USERS\OOSTLAN\DESKTOP\CHAI3D-2.0.0\PROJECTS\MSVC9\RELEASE\CGENERICHAPTICDEVICE.OBJ
C:\USERS\OOSTLAN\DESKTOP\CHAI3D-2.0.0\PROJECTS\MSVC9\RELEASE\CGENERICOBJECT.OBJ
C:\USERS\OOSTLAN\DESKTOP\CHAI3D-2.0.0\PROJECTS\MSVC9\RELEASE\CGENERICPOINTFORCEALGO.OBJ
C:\USERS\OOSTLAN\DESKTOP\CHAI3D-2.0.0\PROJECTS\MSVC9\RELEASE\CGENERICTEXTURE.OBJ
C:\USERS\OOSTLAN\DESKTOP\CHAI3D-2.0.0\PROJECTS\MSVC9\RELEASE\CGENERICTOOL.OBJ
C:\USERS\OOSTLAN\DESKTOP\CHAI3D-2.0.0\PROJECTS\MSVC9\RELEASE\CHAPTICDEVICEHANDLER.OBJ
C:\USERS\OOSTLAN\DESKTOP\CHAI3D-2.0.0\PROJECTS\MSVC9\RELEASE\CIMAGELOADER.OBJ
C:\USERS\OOSTLAN\DESKTOP\CHAI3D-2.0.0\PROJECTS\MSVC9\RELEASE\CINTERACTIONBASICS.OBJ
C:\USERS\OOSTLAN\DESKTOP\CHAI3D-2.0.0\PROJECTS\MSVC9\RELEASE\CLABEL.OBJ
C:\USERS\OOSTLAN\DESKTOP\CHAI3D-2.0.0\PROJECTS\MSVC9\RELEASE\CLIGHT.OBJ
C:\USERS\OOSTLAN\DESKTOP\CHAI3D-2.0.0\PROJECTS\MSVC9\RELEASE\CMACROSGL.OBJ
C:\USERS\OOSTLAN\DESKTOP\CHAI3D-2.0.0\PROJECTS\MSVC9\RELEASE\CMATERIAL.OBJ
C:\USERS\OOSTLAN\DESKTOP\CHAI3D-2.0.0\PROJECTS\MSVC9\RELEASE\CMATHS.OBJ
C:\USERS\OOSTLAN\DESKTOP\CHAI3D-2.0.0\PROJECTS\MSVC9\RELEASE\CMATRIX3D.OBJ
C:\USERS\OOSTLAN\DESKTOP\CHAI3D-2.0.0\PROJECTS\MSVC9\RELEASE\CMESH.OBJ
C:\USERS\OOSTLAN\DESKTOP\CHAI3D-2.0.0\PROJECTS\MSVC9\RELEASE\CMESHLOADER.OBJ
C:\USERS\OOSTLAN\DESKTOP\CHAI3D-2.0.0\PROJECTS\MSVC9\RELEASE\CMYCUSTOMDEVICE.OBJ
C:\USERS\OOSTLAN\DESKTOP\CHAI3D-2.0.0\PROJECTS\MSVC9\RELEASE\CODEGENERICBODY.OBJ
C:\USERS\OOSTLAN\DESKTOP\CHAI3D-2.0.0\PROJECTS\MSVC9\RELEASE\CODEWORLD.OBJ
C:\USERS\OOSTLAN\DESKTOP\CHAI3D-2.0.0\PROJECTS\MSVC9\RELEASE\CPHANTOMDEVICES.OBJ
C:\USERS\OOSTLAN\DESKTOP\CHAI3D-2.0.0\PROJECTS\MSVC9\RELEASE\CPOTENTIALFIELDFORCEALGO.OBJ
C:\USERS\OOSTLAN\DESKTOP\CHAI3D-2.0.0\PROJECTS\MSVC9\RELEASE\CPRECISIONCLOCK.OBJ
C:\USERS\OOSTLAN\DESKTOP\CHAI3D-2.0.0\PROJECTS\MSVC9\RELEASE\CPROXYPOINTFORCEALGO.OBJ
C:\USERS\OOSTLAN\DESKTOP\CHAI3D-2.0.0\PROJECTS\MSVC9\RELEASE\CQUATERNION.OBJ
C:\USERS\OOSTLAN\DESKTOP\CHAI3D-2.0.0\PROJECTS\MSVC9\RELEASE\CSHAPELINE.OBJ
C:\USERS\OOSTLAN\DESKTOP\CHAI3D-2.0.0\PROJECTS\MSVC9\RELEASE\CSHAPESPHERE.OBJ
C:\USERS\OOSTLAN\DESKTOP\CHAI3D-2.0.0\PROJECTS\MSVC9\RELEASE\CSHAPETORUS.OBJ
C:\USERS\OOSTLAN\DESKTOP\CHAI3D-2.0.0\PROJECTS\MSVC9\RELEASE\CSTRING.OBJ
C:\USERS\OOSTLAN\DESKTOP\CHAI3D-2.0.0\PROJECTS\MSVC9\RELEASE\CTEXTURE2D.OBJ
C:\USERS\OOSTLAN\DESKTOP\CHAI3D-2.0.0\PROJECTS\MSVC9\RELEASE\CTHREAD.OBJ
C:\USERS\OOSTLAN\DESKTOP\CHAI3D-2.0.0\PROJECTS\MSVC9\RELEASE\CTRIANGLE.OBJ
C:\USERS\OOSTLAN\DESKTOP\CHAI3D-2.0.0\PROJECTS\MSVC9\RELEASE\CVECTOR3D.OBJ
C:\USERS\OOSTLAN\DESKTOP\CHAI3D-2.0.0\PROJECTS\MSVC9\RELEASE\CVERTEX.OBJ
C:\USERS\OOSTLAN\DESKTOP\CHAI3D-2.0.0\PROJECTS\MSVC9\RELEASE\CVIEWPORT.OBJ
C:\USERS\OOSTLAN\DESKTOP\CHAI3D-2.0.0\PROJECTS\MSVC9\RELEASE\CVIRTUALDEVICE.OBJ
C:\USERS\OOSTLAN\DESKTOP\CHAI3D-2.0.0\PROJECTS\MSVC9\RELEASE\CWORLD.OBJ
C:\USERS\OOSTLAN\DESKTOP\CHAI3D-2.0.0\PROJECTS\MSVC9\RELEASE\VC100.PDB
C:\Users\oostlan\Desktop\chai3d-2.0.0\projects\msvc9\x64\Release\cl.command.1.tlog
C:\Users\oostlan\Desktop\chai3d-2.0.0\projects\msvc9\x64\Release\CL.read.1.tlog
C:\Users\oostlan\Desktop\chai3d-2.0.0\projects\msvc9\x64\Release\CL.write.1.tlog
C:\Users\oostlan\Desktop\chai3d-2.0.0\projects\msvc9\x64\Release\lib.command.1.tlog
C:\Users\oostlan\Desktop\chai3d-2.0.0\projects\msvc9\x64\Release\Lib-link.read.1.tlog
C:\Users\oostlan\Desktop\chai3d-2.0.0\projects\msvc9\x64\Release\Lib-link.write.1.tlog
