Der Buildvorgang wurde am 05.09.2012 23:15:32 gestartet.
     1>Projekt "C:\Users\oostlan\Desktop\chai3d-2.0.0\examples\msvc9\25-cubic\cubic.vcxproj" auf Knoten "2", build Ziel(e).
     1>InitializeBuildStatus:
         Aktualisieren des Timestamps von "x64\Debug\25 - cubic.unsuccessfulbuild".
       ClCompile:
         Alle Ausgaben sind aktuell.
         d:\Program Files (x86)\Microsoft Visual Studio 10.0\VC\bin\x86_amd64\CL.exe /c /I../../../src /I../../../external/OpenGL/msvc /Zi /nologo /W3 /WX- /Od /D WIN32 /D _DEBUG /D _CONSOLE /D _MSVC /D WINVER=0X0500 /D _VC80_UPGRADE=0x0710 /D _MBCS /Gm /EHsc /RTC1 /MDd /GS /fp:precise /Zc:wchar_t /Zc:forScope /GR /Fo"x64\Debug\\" /Fd"x64\Debug\vc100.pdb" /Gd /TP /errorReport:prompt "src\25-cubic.cpp"
         25-cubic.cpp
       ManifestResourceCompile:
         Alle Ausgaben sind aktuell.
     1>C:\Program Files (x86)\MSBuild\Microsoft.Cpp\v4.0\Microsoft.CppBuild.targets(990,5): warning MSB8012: TargetPath(C:\Users\oostlan\Desktop\chai3d-2.0.0\examples\msvc9\25-cubic\x64\Debug\25 - cubic.exe) entspricht nicht dem OutputFile-Eigenschaftswert (C:\Users\oostlan\Desktop\chai3d-2.0.0\bin\25-cubic.exe) von Linker. Das Projekt wird daher möglicherweise nicht ordnungsgemäß erstellt. Damit dieses Problem behoben werden kann, müssen die Eigenschaftswerte für $(OutDir), $(TargetName) und $(TargetExt) dem in %(Link.OutputFile) angegebenen Wert entsprechen.
     1>C:\Program Files (x86)\MSBuild\Microsoft.Cpp\v4.0\Microsoft.CppBuild.targets(992,5): warning MSB8012: TargetName(25 - cubic) entspricht nicht dem OutputFile-Eigenschaftswert (25-cubic) von Linker. Das Projekt wird daher möglicherweise nicht ordnungsgemäß erstellt. Damit dieses Problem behoben werden kann, müssen die Eigenschaftswerte für $(OutDir), $(TargetName) und $(TargetExt) dem in %(Link.OutputFile) angegebenen Wert entsprechen.
       Link:
         d:\Program Files (x86)\Microsoft Visual Studio 10.0\VC\bin\x86_amd64\link.exe /ERRORREPORT:PROMPT /OUT:"../../../bin/25-cubic.exe" /INCREMENTAL /NOLOGO /LIBPATH:../../../lib/msvc9 /LIBPATH:../../../external/OpenGL/msvc winmm.lib opengl32.lib "chai3d-debug.lib" glu32.lib odbc32.lib odbccp32.lib kernel32.lib user32.lib gdi32.lib winspool.lib comdlg32.lib advapi32.lib shell32.lib ole32.lib oleaut32.lib uuid.lib odbc32.lib odbccp32.lib /MANIFEST /ManifestFile:"x64\Debug\25 - cubic.exe.intermediate.manifest" /MANIFESTUAC:"level='asInvoker' uiAccess='false'" /DEBUG /PDB:"x64\Debug\cubic.pdb" /SUBSYSTEM:CONSOLE /TLBID:1 /DYNAMICBASE:NO /IMPLIB:"x64\Debug\25 - cubic.lib" /MACHINE:X64 "x64\Debug\25 - cubic.exe.embed.manifest.res"
         "x64\Debug\25-cubic.obj"
         x64\Debug\stdafx.obj
         "C:\Users\oostlan\Desktop\chai3d-2.0.0\lib\msvc9\chai3d-debug.lib"
         cubic.vcxproj -> C:\Users\oostlan\Desktop\chai3d-2.0.0\examples\msvc9\25-cubic\x64\Debug\25 - cubic.exe
       Manifest:
         C:\Program Files (x86)\Microsoft SDKs\Windows\v7.0A\bin\mt.exe /nologo /verbose /out:"x64\Debug\25 - cubic.exe.embed.manifest" /manifest "x64\Debug\25 - cubic.exe.intermediate.manifest"
         Alle Ausgaben sind aktuell.
       LinkEmbedManifest:
         Alle Ausgaben sind aktuell.
         cubic.vcxproj -> C:\Users\oostlan\Desktop\chai3d-2.0.0\examples\msvc9\25-cubic\x64\Debug\25 - cubic.exe
       FinalizeBuildStatus:
         Die Datei "x64\Debug\25 - cubic.unsuccessfulbuild" wird gelöscht.
         Aktualisieren des Timestamps von "x64\Debug\25 - cubic.lastbuildstate".
     1>Die Erstellung des Projekts "C:\Users\oostlan\Desktop\chai3d-2.0.0\examples\msvc9\25-cubic\cubic.vcxproj" ist abgeschlossen, build Ziel(e).

Das Erstellen war erfolgreich.

Verstrichene Zeit 00:00:01.40
